[0.014s] Invoking command in '/home/y2026_7_13/iot_cloud_bridge_pkg/build/iot_cloud_bridge_pkg': CMAKE_PREFIX_PATH=/home/y2026_7_13/ros2_ws/install/robot_display:/opt/ros/humble /usr/bin/cmake /home/y2026_7_13/iot_cloud_bridge_pkg -DCMAKE_INSTALL_PREFIX=/home/y2026_7_13/iot_cloud_bridge_pkg/install/iot_cloud_bridge_pkg
[0.342s] -- The C compiler identification is GNU 11.4.0
[1.237s] -- The CXX compiler identification is GNU 11.4.0
[1.870s] -- Detecting C compiler ABI info
[2.076s] -- Detecting C compiler ABI info - done
[2.080s] -- Check for working C compiler: /usr/bin/cc - skipped
[2.081s] -- Detecting C compile features
[2.082s] -- Detecting C compile features - done
[2.085s] -- Detecting CXX compiler ABI info
[2.305s] -- Detecting CXX compiler ABI info - done
[2.311s] -- Check for working CXX compiler: /usr/bin/c++ - skipped
[2.311s] -- Detecting CXX compile features
[2.311s] -- Detecting CXX compile features - done
[2.326s] -- Found ament_cmake: 1.3.14 (/opt/ros/humble/share/ament_cmake/cmake)
[2.443s] -- Found Python3: /usr/bin/python3 (found version "3.10.12") found components: Interpreter 
[2.534s] -- Found rclcpp: 16.0.19 (/opt/ros/humble/share/rclcpp/cmake)
[2.828s] -- Found rosidl_generator_c: 3.1.9 (/opt/ros/humble/share/rosidl_generator_c/cmake)
[2.833s] -- Found rosidl_adapter: 3.1.9 (/opt/ros/humble/share/rosidl_adapter/cmake)
[2.845s] -- Found rosidl_generator_cpp: 3.1.9 (/opt/ros/humble/share/rosidl_generator_cpp/cmake)
[2.861s] -- Using all available rosidl_typesupport_c: rosidl_typesupport_fastrtps_c;rosidl_typesupport_introspection_c
[2.880s] -- Using all available rosidl_typesupport_cpp: rosidl_typesupport_fastrtps_cpp;rosidl_typesupport_introspection_cpp
[2.938s] -- Found rmw_implementation_cmake: 6.1.2 (/opt/ros/humble/share/rmw_implementation_cmake/cmake)
[2.942s] -- Found rmw_fastrtps_cpp: 6.2.10 (/opt/ros/humble/share/rmw_fastrtps_cpp/cmake)
[5.115s] -- Found OpenSSL: /usr/lib/x86_64-linux-gnu/libcrypto.so (found version "3.0.2")  
[7.606s] -- Found FastRTPS: /opt/ros/humble/include  
[12.194s] -- Using RMW implementation 'rmw_fastrtps_cpp' as default
[12.207s] -- Looking for pthread.h
[12.427s] -- Looking for pthread.h - found
[12.427s] -- Performing Test CMAKE_HAVE_LIBC_PTHREAD
[12.636s] -- Performing Test CMAKE_HAVE_LIBC_PTHREAD - Success
[12.637s] -- Found Threads: TRUE  
[12.701s] -- Found sensor_msgs: 4.9.1 (/opt/ros/humble/share/sensor_msgs/cmake)
[14.830s] CMake Error at CMakeLists.txt:13 (find_package):
[14.831s]   By not providing "Findemotion_msgs.cmake" in CMAKE_MODULE_PATH this project
[14.831s]   has asked CMake to find a package configuration file provided by
[14.831s]   "emotion_msgs", but CMake did not find one.
[14.831s] 
[14.831s]   Could not find a package configuration file provided by "emotion_msgs" with
[14.831s]   any of the following names:
[14.831s] 
[14.831s]     emotion_msgsConfig.cmake
[14.831s]     emotion_msgs-config.cmake
[14.831s] 
[14.831s]   Add the installation prefix of "emotion_msgs" to CMAKE_PREFIX_PATH or set
[14.831s]   "emotion_msgs_DIR" to a directory containing one of the above files.  If
[14.831s]   "emotion_msgs" provides a separate development package or SDK, be sure it
[14.831s]   has been installed.
[14.831s] 
[14.831s] 
[14.831s] -- Configuring incomplete, errors occurred!
[14.831s] See also "/home/y2026_7_13/iot_cloud_bridge_pkg/build/iot_cloud_bridge_pkg/CMakeFiles/CMakeOutput.log".
[14.838s] Invoked command in '/home/y2026_7_13/iot_cloud_bridge_pkg/build/iot_cloud_bridge_pkg' returned '1': CMAKE_PREFIX_PATH=/home/y2026_7_13/ros2_ws/install/robot_display:/opt/ros/humble /usr/bin/cmake /home/y2026_7_13/iot_cloud_bridge_pkg -DCMAKE_INSTALL_PREFIX=/home/y2026_7_13/iot_cloud_bridge_pkg/install/iot_cloud_bridge_pkg
