[0.348s] DEBUG:colcon:Command line arguments: ['/usr/bin/colcon', 'build']
[0.349s] DEBUG:colcon:Parsed command line arguments: Namespace(log_base=None, log_level=None, verb_name='build', build_base='build', install_base='install', merge_install=False, symlink_install=False, test_result_base=None, continue_on_error=False, executor='parallel', parallel_workers=32, event_handlers=None, ignore_user_meta=False, metas=['./colcon.meta'], base_paths=['.'], packages_ignore=None, packages_ignore_regex=None, paths=None, packages_up_to=None, packages_up_to_regex=None, packages_above=None, packages_above_and_dependencies=None, packages_above_depth=None, packages_select_by_dep=None, packages_skip_by_dep=None, packages_skip_up_to=None, packages_select_build_failed=False, packages_skip_build_finished=False, packages_select_test_failures=False, packages_skip_test_passed=False, packages_select=None, packages_skip=None, packages_select_regex=None, packages_skip_regex=None, packages_start=None, packages_end=None, allow_overriding=[], cmake_args=None, cmake_target=None, cmake_target_skip_unavailable=False, cmake_clean_cache=False, cmake_clean_first=False, cmake_force_configure=False, ament_cmake_args=None, catkin_cmake_args=None, catkin_skip_building_tests=False, verb_parser=<colcon_defaults.argument_parser.defaults.DefaultArgumentsDecorator object at 0x7bd86171b4c0>, verb_extension=<colcon_core.verb.build.BuildVerb object at 0x7bd86171afe0>, main=<bound method BuildVerb.main of <colcon_core.verb.build.BuildVerb object at 0x7bd86171afe0>>)
[0.619s] Level 1:colcon.colcon_core.package_discovery:discover_packages(colcon_meta) check parameters
[0.619s] Level 1:colcon.colcon_core.package_discovery:discover_packages(recursive) check parameters
[0.619s] Level 1:colcon.colcon_core.package_discovery:discover_packages(ignore) check parameters
[0.620s] Level 1:colcon.colcon_core.package_discovery:discover_packages(path) check parameters
[0.620s] Level 1:colcon.colcon_core.package_discovery:discover_packages(colcon_meta) discover
[0.620s] Level 1:colcon.colcon_core.package_discovery:discover_packages(recursive) discover
[0.620s] INFO:colcon.colcon_core.package_discovery:Crawling recursively for packages in '/home/y2026_7_13/iot_cloud_bridge_pkg'
[0.620s] Level 1:colcon.colcon_core.package_identification:_identify(.) by extensions ['ignore', 'ignore_ament_install']
[0.620s] Level 1:colcon.colcon_core.package_identification:_identify(.) by extension 'ignore'
[0.620s] Level 1:colcon.colcon_core.package_identification:_identify(.) by extension 'ignore_ament_install'
[0.620s] Level 1:colcon.colcon_core.package_identification:_identify(.) by extensions ['colcon_pkg']
[0.620s] Level 1:colcon.colcon_core.package_identification:_identify(.) by extension 'colcon_pkg'
[0.620s] Level 1:colcon.colcon_core.package_identification:_identify(.) by extensions ['colcon_meta']
[0.620s] Level 1:colcon.colcon_core.package_identification:_identify(.) by extension 'colcon_meta'
[0.620s] Level 1:colcon.colcon_core.package_identification:_identify(.) by extensions ['ros']
[0.620s] Level 1:colcon.colcon_core.package_identification:_identify(.) by extension 'ros'
[0.637s] DEBUG:colcon.colcon_core.package_identification:Package '.' with type 'ros.ament_cmake' and name 'iot_cloud_bridge_pkg'
[0.637s] Level 1:colcon.colcon_core.package_discovery:discover_packages(recursive) using defaults
[0.637s] Level 1:colcon.colcon_core.package_discovery:discover_packages(ignore) discover
[0.637s] Level 1:colcon.colcon_core.package_discovery:discover_packages(ignore) using defaults
[0.637s] Level 1:colcon.colcon_core.package_discovery:discover_packages(path) discover
[0.637s] Level 1:colcon.colcon_core.package_discovery:discover_packages(path) using defaults
[0.663s] Level 1:colcon.colcon_core.package_discovery:discover_packages(prefix_path) check parameters
[0.663s] Level 1:colcon.colcon_core.package_discovery:discover_packages(prefix_path) discover
[0.665s] WARNING:colcon.colcon_core.prefix_path.colcon:The path '/home/y2026_7_13/ros2_ws/install' in the environment variable COLCON_PREFIX_PATH doesn't exist
[0.665s] WARNING:colcon.colcon_ros.prefix_path.ament:The path '/home/y2026_7_13/ros2_ws/install/robot_display' in the environment variable AMENT_PREFIX_PATH doesn't exist
[0.666s] DEBUG:colcon.colcon_installed_package_information.package_discovery:Found 273 installed packages in /opt/ros/humble
[0.668s] Level 1:colcon.colcon_core.package_discovery:discover_packages(prefix_path) using defaults
[0.701s] Level 5:colcon.colcon_core.verb:set package 'iot_cloud_bridge_pkg' build argument 'cmake_args' from command line to 'None'
[0.701s] Level 5:colcon.colcon_core.verb:set package 'iot_cloud_bridge_pkg' build argument 'cmake_target' from command line to 'None'
[0.701s] Level 5:colcon.colcon_core.verb:set package 'iot_cloud_bridge_pkg' build argument 'cmake_target_skip_unavailable' from command line to 'False'
[0.701s] Level 5:colcon.colcon_core.verb:set package 'iot_cloud_bridge_pkg' build argument 'cmake_clean_cache' from command line to 'False'
[0.701s] Level 5:colcon.colcon_core.verb:set package 'iot_cloud_bridge_pkg' build argument 'cmake_clean_first' from command line to 'False'
[0.701s] Level 5:colcon.colcon_core.verb:set package 'iot_cloud_bridge_pkg' build argument 'cmake_force_configure' from command line to 'False'
[0.701s] Level 5:colcon.colcon_core.verb:set package 'iot_cloud_bridge_pkg' build argument 'ament_cmake_args' from command line to 'None'
[0.701s] Level 5:colcon.colcon_core.verb:set package 'iot_cloud_bridge_pkg' build argument 'catkin_cmake_args' from command line to 'None'
[0.701s] Level 5:colcon.colcon_core.verb:set package 'iot_cloud_bridge_pkg' build argument 'catkin_skip_building_tests' from command line to 'False'
[0.701s] DEBUG:colcon.colcon_core.verb:Building package 'iot_cloud_bridge_pkg' with the following arguments: {'ament_cmake_args': None, 'build_base': '/home/y2026_7_13/iot_cloud_bridge_pkg/build/iot_cloud_bridge_pkg', 'catkin_cmake_args': None, 'catkin_skip_building_tests': False, 'cmake_args': None, 'cmake_clean_cache': False, 'cmake_clean_first': False, 'cmake_force_configure': False, 'cmake_target': None, 'cmake_target_skip_unavailable': False, 'install_base': '/home/y2026_7_13/iot_cloud_bridge_pkg/install/iot_cloud_bridge_pkg', 'merge_install': False, 'path': '/home/y2026_7_13/iot_cloud_bridge_pkg', 'symlink_install': False, 'test_result_base': None}
[0.701s] INFO:colcon.colcon_core.executor:Executing jobs using 'parallel' executor
[0.703s] DEBUG:colcon.colcon_parallel_executor.executor.parallel:run_until_complete
[0.703s] INFO:colcon.colcon_ros.task.ament_cmake.build:Building ROS package in '/home/y2026_7_13/iot_cloud_bridge_pkg' with build type 'ament_cmake'
[0.703s] INFO:colcon.colcon_cmake.task.cmake.build:Building CMake package in '/home/y2026_7_13/iot_cloud_bridge_pkg'
[0.709s] INFO:colcon.colcon_core.plugin_system:Skipping extension 'colcon_core.shell.bat': Not used on non-Windows systems
[0.709s] INFO:colcon.colcon_core.shell:Skip shell extension 'powershell' for command environment: Not usable outside of PowerShell
[0.709s] DEBUG:colcon.colcon_core.shell:Skip shell extension 'dsv' for command environment
[0.718s] DEBUG:colcon.colcon_core.event_handler.log_command:Invoking command in '/home/y2026_7_13/iot_cloud_bridge_pkg/build/iot_cloud_bridge_pkg': CMAKE_PREFIX_PATH=/home/y2026_7_13/ros2_ws/install/robot_display:/opt/ros/humble /usr/bin/cmake /home/y2026_7_13/iot_cloud_bridge_pkg -DCMAKE_INSTALL_PREFIX=/home/y2026_7_13/iot_cloud_bridge_pkg/install/iot_cloud_bridge_pkg
[15.542s] DEBUG:colcon.colcon_core.event_handler.log_command:Invoked command in '/home/y2026_7_13/iot_cloud_bridge_pkg/build/iot_cloud_bridge_pkg' returned '1': CMAKE_PREFIX_PATH=/home/y2026_7_13/ros2_ws/install/robot_display:/opt/ros/humble /usr/bin/cmake /home/y2026_7_13/iot_cloud_bridge_pkg -DCMAKE_INSTALL_PREFIX=/home/y2026_7_13/iot_cloud_bridge_pkg/install/iot_cloud_bridge_pkg
[15.551s] Level 1:colcon.colcon_core.environment:create_environment_scripts_only(iot_cloud_bridge_pkg)
[15.561s] Level 1:colcon.colcon_core.environment:checking '/home/y2026_7_13/iot_cloud_bridge_pkg/install/iot_cloud_bridge_pkg' for CMake module files
[15.562s] Level 1:colcon.colcon_core.environment:checking '/home/y2026_7_13/iot_cloud_bridge_pkg/install/iot_cloud_bridge_pkg' for CMake config files
[15.562s] Level 1:colcon.colcon_core.environment:checking '/home/y2026_7_13/iot_cloud_bridge_pkg/install/iot_cloud_bridge_pkg/bin'
[15.562s] Level 1:colcon.colcon_core.environment:checking '/home/y2026_7_13/iot_cloud_bridge_pkg/install/iot_cloud_bridge_pkg/lib/pkgconfig/iot_cloud_bridge_pkg.pc'
[15.562s] Level 1:colcon.colcon_core.environment:checking '/home/y2026_7_13/iot_cloud_bridge_pkg/install/iot_cloud_bridge_pkg/lib/python3.10/site-packages'
[15.562s] Level 1:colcon.colcon_core.environment:checking '/home/y2026_7_13/iot_cloud_bridge_pkg/install/iot_cloud_bridge_pkg/bin'
[15.563s] INFO:colcon.colcon_core.shell:Creating package script '/home/y2026_7_13/iot_cloud_bridge_pkg/install/iot_cloud_bridge_pkg/share/iot_cloud_bridge_pkg/package.ps1'
[15.564s] INFO:colcon.colcon_core.shell:Creating package descriptor '/home/y2026_7_13/iot_cloud_bridge_pkg/install/iot_cloud_bridge_pkg/share/iot_cloud_bridge_pkg/package.dsv'
[15.565s] INFO:colcon.colcon_core.shell:Creating package script '/home/y2026_7_13/iot_cloud_bridge_pkg/install/iot_cloud_bridge_pkg/share/iot_cloud_bridge_pkg/package.sh'
[15.567s] INFO:colcon.colcon_core.shell:Creating package script '/home/y2026_7_13/iot_cloud_bridge_pkg/install/iot_cloud_bridge_pkg/share/iot_cloud_bridge_pkg/package.bash'
[15.568s] INFO:colcon.colcon_core.shell:Creating package script '/home/y2026_7_13/iot_cloud_bridge_pkg/install/iot_cloud_bridge_pkg/share/iot_cloud_bridge_pkg/package.zsh'
[15.569s] Level 1:colcon.colcon_core.environment:create_file_with_runtime_dependencies(/home/y2026_7_13/iot_cloud_bridge_pkg/install/iot_cloud_bridge_pkg/share/colcon-core/packages/iot_cloud_bridge_pkg)
[15.579s] DEBUG:colcon.colcon_parallel_executor.executor.parallel:closing loop
[15.579s] DEBUG:colcon.colcon_parallel_executor.executor.parallel:loop closed
[15.579s] DEBUG:colcon.colcon_parallel_executor.executor.parallel:run_until_complete finished with '1'
[15.580s] DEBUG:colcon.colcon_core.event_reactor:joining thread
[15.676s] INFO:colcon.colcon_core.plugin_system:Skipping extension 'colcon_notification.desktop_notification.notify_send': Could not find 'notify-send'
[15.677s] INFO:colcon.colcon_core.plugin_system:Skipping extension 'colcon_notification.desktop_notification.terminal_notifier': Not used on non-Darwin systems
[15.677s] INFO:colcon.colcon_core.plugin_system:Skipping extension 'colcon_notification.desktop_notification.win32': Not used on non-Windows systems
[15.677s] INFO:colcon.colcon_notification.desktop_notification:Sending desktop notification using 'notify2'
[15.677s] DEBUG:colcon.colcon_notification.desktop_notification.notify2:Failed to initialize notify2: org.freedesktop.DBus.Error.FileNotFound: Failed to connect to socket /run/user/1000/bus: No such file or directory
[15.677s] DEBUG:colcon.colcon_core.event_reactor:joined thread
[15.678s] INFO:colcon.colcon_core.shell:Creating prefix script '/home/y2026_7_13/iot_cloud_bridge_pkg/install/local_setup.ps1'
[15.680s] INFO:colcon.colcon_core.shell:Creating prefix util module '/home/y2026_7_13/iot_cloud_bridge_pkg/install/_local_setup_util_ps1.py'
[15.682s] INFO:colcon.colcon_core.shell:Creating prefix chain script '/home/y2026_7_13/iot_cloud_bridge_pkg/install/setup.ps1'
[15.683s] INFO:colcon.colcon_core.shell:Creating prefix script '/home/y2026_7_13/iot_cloud_bridge_pkg/install/local_setup.sh'
[15.684s] INFO:colcon.colcon_core.shell:Creating prefix util module '/home/y2026_7_13/iot_cloud_bridge_pkg/install/_local_setup_util_sh.py'
[15.685s] INFO:colcon.colcon_core.shell:Creating prefix chain script '/home/y2026_7_13/iot_cloud_bridge_pkg/install/setup.sh'
[15.686s] INFO:colcon.colcon_core.shell:Creating prefix script '/home/y2026_7_13/iot_cloud_bridge_pkg/install/local_setup.bash'
[15.687s] INFO:colcon.colcon_core.shell:Creating prefix chain script '/home/y2026_7_13/iot_cloud_bridge_pkg/install/setup.bash'
[15.689s] INFO:colcon.colcon_core.shell:Creating prefix script '/home/y2026_7_13/iot_cloud_bridge_pkg/install/local_setup.zsh'
[15.690s] INFO:colcon.colcon_core.shell:Creating prefix chain script '/home/y2026_7_13/iot_cloud_bridge_pkg/install/setup.zsh'
